mkdir: cannot create directory '/scratch/summit/tyak9569/hex_acid': File exists
mkdir: cannot create directory '/scratch/summit/tyak9569/hex_acid/aligned': File exists
mkdir: cannot create directory '/scratch/summit/tyak9569/hex_acid/aligned/out': File exists
mkdir: cannot create directory '/scratch/summit/tyak9569/hex_acid/aligned/lane1': File exists
mkdir: cannot create directory '/scratch/summit/tyak9569/hex_acid/aligned/lane2': File exists
[33mWARNING:[0m skipping mount of /rc_scratch: no such file or directory
12208585 reads; of these:
  12208585 (100.00%) were paired; of these:
    4081449 (33.43%) aligned concordantly 0 times
    7644626 (62.62%) aligned concordantly exactly 1 time
    482510 (3.95%) aligned concordantly >1 times
    ----
    4081449 pairs aligned concordantly 0 times; of these:
      381540 (9.35%) aligned discordantly 1 time
    ----
    3699909 pairs aligned 0 times concordantly or discordantly; of these:
      7399818 mates make up the pairs; of these:
        3267667 (44.16%) aligned 0 times
        3024341 (40.87%) aligned exactly 1 time
        1107810 (14.97%) aligned >1 times
86.62% overall alignment rate
[33mWARNING:[0m skipping mount of /rc_scratch: no such file or directory
13469940 reads; of these:
  13469940 (100.00%) were paired; of these:
    4815905 (35.75%) aligned concordantly 0 times
    8166574 (60.63%) aligned concordantly exactly 1 time
    487461 (3.62%) aligned concordantly >1 times
    ----
    4815905 pairs aligned concordantly 0 times; of these:
      366055 (7.60%) aligned discordantly 1 time
    ----
    4449850 pairs aligned 0 times concordantly or discordantly; of these:
      8899700 mates make up the pairs; of these:
        4573193 (51.39%) aligned 0 times
        3289490 (36.96%) aligned exactly 1 time
        1037017 (11.65%) aligned >1 times
83.02% overall alignment rate
[33mWARNING:[0m skipping mount of /rc_scratch: no such file or directory
14874729 reads; of these:
  14874729 (100.00%) were paired; of these:
    4636794 (31.17%) aligned concordantly 0 times
    9533526 (64.09%) aligned concordantly exactly 1 time
    704409 (4.74%) aligned concordantly >1 times
    ----
    4636794 pairs aligned concordantly 0 times; of these:
      465126 (10.03%) aligned discordantly 1 time
    ----
    4171668 pairs aligned 0 times concordantly or discordantly; of these:
      8343336 mates make up the pairs; of these:
        3443651 (41.27%) aligned 0 times
        3590007 (43.03%) aligned exactly 1 time
        1309678 (15.70%) aligned >1 times
88.42% overall alignment rate
[33mWARNING:[0m skipping mount of /rc_scratch: no such file or directory
14435082 reads; of these:
  14435082 (100.00%) were paired; of these:
    5029824 (34.84%) aligned concordantly 0 times
    8852047 (61.32%) aligned concordantly exactly 1 time
    553211 (3.83%) aligned concordantly >1 times
    ----
    5029824 pairs aligned concordantly 0 times; of these:
      435933 (8.67%) aligned discordantly 1 time
    ----
    4593891 pairs aligned 0 times concordantly or discordantly; of these:
      9187782 mates make up the pairs; of these:
        4472289 (48.68%) aligned 0 times
        3528224 (38.40%) aligned exactly 1 time
        1187269 (12.92%) aligned >1 times
84.51% overall alignment rate
[33mWARNING:[0m skipping mount of /rc_scratch: no such file or directory
14619915 reads; of these:
  14619915 (100.00%) were paired; of these:
    5051860 (34.55%) aligned concordantly 0 times
    9018180 (61.68%) aligned concordantly exactly 1 time
    549875 (3.76%) aligned concordantly >1 times
    ----
    5051860 pairs aligned concordantly 0 times; of these:
      419916 (8.31%) aligned discordantly 1 time
    ----
    4631944 pairs aligned 0 times concordantly or discordantly; of these:
      9263888 mates make up the pairs; of these:
        4526266 (48.86%) aligned 0 times
        3520624 (38.00%) aligned exactly 1 time
        1216998 (13.14%) aligned >1 times
84.52% overall alignment rate
[33mWARNING:[0m skipping mount of /rc_scratch: no such file or directory
10819005 reads; of these:
  10819005 (100.00%) were paired; of these:
    3468918 (32.06%) aligned concordantly 0 times
    6936684 (64.12%) aligned concordantly exactly 1 time
    413403 (3.82%) aligned concordantly >1 times
    ----
    3468918 pairs aligned concordantly 0 times; of these:
      338357 (9.75%) aligned discordantly 1 time
    ----
    3130561 pairs aligned 0 times concordantly or discordantly; of these:
      6261122 mates make up the pairs; of these:
        2768409 (44.22%) aligned 0 times
        2578004 (41.17%) aligned exactly 1 time
        914709 (14.61%) aligned >1 times
87.21% overall alignment rate
[33mWARNING:[0m skipping mount of /rc_scratch: no such file or directory
12127261 reads; of these:
  12127261 (100.00%) were paired; of these:
    5336567 (44.00%) aligned concordantly 0 times
    6338411 (52.27%) aligned concordantly exactly 1 time
    452283 (3.73%) aligned concordantly >1 times
    ----
    5336567 pairs aligned concordantly 0 times; of these:
      111408 (2.09%) aligned discordantly 1 time
    ----
    5225159 pairs aligned 0 times concordantly or discordantly; of these:
      10450318 mates make up the pairs; of these:
        8875880 (84.93%) aligned 0 times
        1288737 (12.33%) aligned exactly 1 time
        285701 (2.73%) aligned >1 times
63.41% overall alignment rate
[33mWARNING:[0m skipping mount of /rc_scratch: no such file or directory
13142096 reads; of these:
  13142096 (100.00%) were paired; of these:
    6343595 (48.27%) aligned concordantly 0 times
    6352824 (48.34%) aligned concordantly exactly 1 time
    445677 (3.39%) aligned concordantly >1 times
    ----
    6343595 pairs aligned concordantly 0 times; of these:
      310007 (4.89%) aligned discordantly 1 time
    ----
    6033588 pairs aligned 0 times concordantly or discordantly; of these:
      12067176 mates make up the pairs; of these:
        7978462 (66.12%) aligned 0 times
        3272072 (27.12%) aligned exactly 1 time
        816642 (6.77%) aligned >1 times
69.65% overall alignment rate
[33mWARNING:[0m skipping mount of /rc_scratch: no such file or directory
12396490 reads; of these:
  12396490 (100.00%) were paired; of these:
    5027432 (40.56%) aligned concordantly 0 times
    6910405 (55.74%) aligned concordantly exactly 1 time
    458653 (3.70%) aligned concordantly >1 times
    ----
    5027432 pairs aligned concordantly 0 times; of these:
      211443 (4.21%) aligned discordantly 1 time
    ----
    4815989 pairs aligned 0 times concordantly or discordantly; of these:
      9631978 mates make up the pairs; of these:
        6675137 (69.30%) aligned 0 times
        2380889 (24.72%) aligned exactly 1 time
        575952 (5.98%) aligned >1 times
73.08% overall alignment rate
[33mWARNING:[0m skipping mount of /rc_scratch: no such file or directory
11270089 reads; of these:
  11270089 (100.00%) were paired; of these:
    5256211 (46.64%) aligned concordantly 0 times
    5649208 (50.13%) aligned concordantly exactly 1 time
    364670 (3.24%) aligned concordantly >1 times
    ----
    5256211 pairs aligned concordantly 0 times; of these:
      265618 (5.05%) aligned discordantly 1 time
    ----
    4990593 pairs aligned 0 times concordantly or discordantly; of these:
      9981186 mates make up the pairs; of these:
        6318536 (63.30%) aligned 0 times
        2916650 (29.22%) aligned exactly 1 time
        746000 (7.47%) aligned >1 times
71.97% overall alignment rate
[33mWARNING:[0m skipping mount of /rc_scratch: no such file or directory
13549971 reads; of these:
  13549971 (100.00%) were paired; of these:
    6095974 (44.99%) aligned concordantly 0 times
    6998276 (51.65%) aligned concordantly exactly 1 time
    455721 (3.36%) aligned concordantly >1 times
    ----
    6095974 pairs aligned concordantly 0 times; of these:
      257527 (4.22%) aligned discordantly 1 time
    ----
    5838447 pairs aligned 0 times concordantly or discordantly; of these:
      11676894 mates make up the pairs; of these:
        8063923 (69.06%) aligned 0 times
        2925922 (25.06%) aligned exactly 1 time
        687049 (5.88%) aligned >1 times
70.24% overall alignment rate
[33mWARNING:[0m skipping mount of /rc_scratch: no such file or directory
11603052 reads; of these:
  11603052 (100.00%) were paired; of these:
    4486082 (38.66%) aligned concordantly 0 times
    6684893 (57.61%) aligned concordantly exactly 1 time
    432077 (3.72%) aligned concordantly >1 times
    ----
    4486082 pairs aligned concordantly 0 times; of these:
      224586 (5.01%) aligned discordantly 1 time
    ----
    4261496 pairs aligned 0 times concordantly or discordantly; of these:
      8522992 mates make up the pairs; of these:
        5623071 (65.98%) aligned 0 times
        2300477 (26.99%) aligned exactly 1 time
        599444 (7.03%) aligned >1 times
75.77% overall alignment rate
[33mWARNING:[0m skipping mount of /rc_scratch: no such file or directory
11133382 reads; of these:
  11133382 (100.00%) were paired; of these:
    3713521 (33.35%) aligned concordantly 0 times
    6997753 (62.85%) aligned concordantly exactly 1 time
    422108 (3.79%) aligned concordantly >1 times
    ----
    3713521 pairs aligned concordantly 0 times; of these:
      347083 (9.35%) aligned discordantly 1 time
    ----
    3366438 pairs aligned 0 times concordantly or discordantly; of these:
      6732876 mates make up the pairs; of these:
        2938676 (43.65%) aligned 0 times
        2799358 (41.58%) aligned exactly 1 time
        994842 (14.78%) aligned >1 times
86.80% overall alignment rate
[33mWARNING:[0m skipping mount of /rc_scratch: no such file or directory
12038165 reads; of these:
  12038165 (100.00%) were paired; of these:
    4309566 (35.80%) aligned concordantly 0 times
    7308555 (60.71%) aligned concordantly exactly 1 time
    420044 (3.49%) aligned concordantly >1 times
    ----
    4309566 pairs aligned concordantly 0 times; of these:
      322704 (7.49%) aligned discordantly 1 time
    ----
    3986862 pairs aligned 0 times concordantly or discordantly; of these:
      7973724 mates make up the pairs; of these:
        4068951 (51.03%) aligned 0 times
        2978144 (37.35%) aligned exactly 1 time
        926629 (11.62%) aligned >1 times
83.10% overall alignment rate
[33mWARNING:[0m skipping mount of /rc_scratch: no such file or directory
13543254 reads; of these:
  13543254 (100.00%) were paired; of these:
    4240070 (31.31%) aligned concordantly 0 times
    8603953 (63.53%) aligned concordantly exactly 1 time
    699231 (5.16%) aligned concordantly >1 times
    ----
    4240070 pairs aligned concordantly 0 times; of these:
      421091 (9.93%) aligned discordantly 1 time
    ----
    3818979 pairs aligned 0 times concordantly or discordantly; of these:
      7637958 mates make up the pairs; of these:
        3137630 (41.08%) aligned 0 times
        3300242 (43.21%) aligned exactly 1 time
        1200086 (15.71%) aligned >1 times
88.42% overall alignment rate
[33mWARNING:[0m skipping mount of /rc_scratch: no such file or directory
12941538 reads; of these:
  12941538 (100.00%) were paired; of these:
    4457974 (34.45%) aligned concordantly 0 times
    8001083 (61.82%) aligned concordantly exactly 1 time
    482481 (3.73%) aligned concordantly >1 times
    ----
    4457974 pairs aligned concordantly 0 times; of these:
      374609 (8.40%) aligned discordantly 1 time
    ----
    4083365 pairs aligned 0 times concordantly or discordantly; of these:
      8166730 mates make up the pairs; of these:
        3949453 (48.36%) aligned 0 times
        3191547 (39.08%) aligned exactly 1 time
        1025730 (12.56%) aligned >1 times
84.74% overall alignment rate
[33mWARNING:[0m skipping mount of /rc_scratch: no such file or directory
13868678 reads; of these:
  13868678 (100.00%) were paired; of these:
    4889468 (35.26%) aligned concordantly 0 times
    8490847 (61.22%) aligned concordantly exactly 1 time
    488363 (3.52%) aligned concordantly >1 times
    ----
    4889468 pairs aligned concordantly 0 times; of these:
      384914 (7.87%) aligned discordantly 1 time
    ----
    4504554 pairs aligned 0 times concordantly or discordantly; of these:
      9009108 mates make up the pairs; of these:
        4372364 (48.53%) aligned 0 times
        3444448 (38.23%) aligned exactly 1 time
        1192296 (13.23%) aligned >1 times
84.24% overall alignment rate
[33mWARNING:[0m skipping mount of /rc_scratch: no such file or directory
10704053 reads; of these:
  10704053 (100.00%) were paired; of these:
    3433976 (32.08%) aligned concordantly 0 times
    6787582 (63.41%) aligned concordantly exactly 1 time
    482495 (4.51%) aligned concordantly >1 times
    ----
    3433976 pairs aligned concordantly 0 times; of these:
      331418 (9.65%) aligned discordantly 1 time
    ----
    3102558 pairs aligned 0 times concordantly or discordantly; of these:
      6205116 mates make up the pairs; of these:
        2736073 (44.09%) aligned 0 times
        2554836 (41.17%) aligned exactly 1 time
        914207 (14.73%) aligned >1 times
87.22% overall alignment rate
[33mWARNING:[0m skipping mount of /rc_scratch: no such file or directory
12183257 reads; of these:
  12183257 (100.00%) were paired; of these:
    5367644 (44.06%) aligned concordantly 0 times
    6366278 (52.25%) aligned concordantly exactly 1 time
    449335 (3.69%) aligned concordantly >1 times
    ----
    5367644 pairs aligned concordantly 0 times; of these:
      110298 (2.05%) aligned discordantly 1 time
    ----
    5257346 pairs aligned 0 times concordantly or discordantly; of these:
      10514692 mates make up the pairs; of these:
        8930577 (84.93%) aligned 0 times
        1298494 (12.35%) aligned exactly 1 time
        285621 (2.72%) aligned >1 times
63.35% overall alignment rate
[33mWARNING:[0m skipping mount of /rc_scratch: no such file or directory
11874344 reads; of these:
  11874344 (100.00%) were paired; of these:
    5750029 (48.42%) aligned concordantly 0 times
    5735257 (48.30%) aligned concordantly exactly 1 time
    389058 (3.28%) aligned concordantly >1 times
    ----
    5750029 pairs aligned concordantly 0 times; of these:
      276119 (4.80%) aligned discordantly 1 time
    ----
    5473910 pairs aligned 0 times concordantly or discordantly; of these:
      10947820 mates make up the pairs; of these:
        7249329 (66.22%) aligned 0 times
        2961820 (27.05%) aligned exactly 1 time
        736671 (6.73%) aligned >1 times
69.47% overall alignment rate
[33mWARNING:[0m skipping mount of /rc_scratch: no such file or directory
11772586 reads; of these:
  11772586 (100.00%) were paired; of these:
    4774619 (40.56%) aligned concordantly 0 times
    6577114 (55.87%) aligned concordantly exactly 1 time
    420853 (3.57%) aligned concordantly >1 times
    ----
    4774619 pairs aligned concordantly 0 times; of these:
      198182 (4.15%) aligned discordantly 1 time
    ----
    4576437 pairs aligned 0 times concordantly or discordantly; of these:
      9152874 mates make up the pairs; of these:
        6330857 (69.17%) aligned 0 times
        2286148 (24.98%) aligned exactly 1 time
        535869 (5.85%) aligned >1 times
73.11% overall alignment rate
[33mWARNING:[0m skipping mount of /rc_scratch: no such file or directory
10751224 reads; of these:
  10751224 (100.00%) were paired; of these:
    5026018 (46.75%) aligned concordantly 0 times
    5380414 (50.04%) aligned concordantly exactly 1 time
    344792 (3.21%) aligned concordantly >1 times
    ----
    5026018 pairs aligned concordantly 0 times; of these:
      250578 (4.99%) aligned discordantly 1 time
    ----
    4775440 pairs aligned 0 times concordantly or discordantly; of these:
      9550880 mates make up the pairs; of these:
        6038510 (63.22%) aligned 0 times
        2799138 (29.31%) aligned exactly 1 time
        713232 (7.47%) aligned >1 times
71.92% overall alignment rate
[33mWARNING:[0m skipping mount of /rc_scratch: no such file or directory
12172362 reads; of these:
  12172362 (100.00%) were paired; of these:
    5479417 (45.02%) aligned concordantly 0 times
    6287542 (51.65%) aligned concordantly exactly 1 time
    405403 (3.33%) aligned concordantly >1 times
    ----
    5479417 pairs aligned concordantly 0 times; of these:
      234116 (4.27%) aligned discordantly 1 time
    ----
    5245301 pairs aligned 0 times concordantly or discordantly; of these:
      10490602 mates make up the pairs; of these:
        7250033 (69.11%) aligned 0 times
        2625930 (25.03%) aligned exactly 1 time
        614639 (5.86%) aligned >1 times
70.22% overall alignment rate
[33mWARNING:[0m skipping mount of /rc_scratch: no such file or directory
10939230 reads; of these:
  10939230 (100.00%) were paired; of these:
    4244501 (38.80%) aligned concordantly 0 times
    6295630 (57.55%) aligned concordantly exactly 1 time
    399099 (3.65%) aligned concordantly >1 times
    ----
    4244501 pairs aligned concordantly 0 times; of these:
      209428 (4.93%) aligned discordantly 1 time
    ----
    4035073 pairs aligned 0 times concordantly or discordantly; of these:
      8070146 mates make up the pairs; of these:
        5315836 (65.87%) aligned 0 times
        2195072 (27.20%) aligned exactly 1 time
        559238 (6.93%) aligned >1 times
75.70% overall alignment rate
